<?xml version="1.0" encoding="UTF-8"?>
<testng-results ignored="0" total="1" passed="1" failed="0" skipped="0">
  <reporter-output>
  </reporter-output>
  <suite started-at="2025-01-22T12:02:26 IST" name="Default suite" finished-at="2025-01-22T12:02:32 IST" duration-ms="5291">
    <groups>
    </groups>
    <test started-at="2025-01-22T12:02:26 IST" name="Default test" finished-at="2025-01-22T12:02:32 IST" duration-ms="5291">
      <class name="extentReports.ToLearnScreenshot">
        <test-method signature="addScreenshot()[pri:0, instance:extentReports.ToLearnScreenshot@689604d9]" started-at="2025-01-22T12:02:26 IST" name="addScreenshot" finished-at="2025-01-22T12:02:32 IST" duration-ms="5247" status="PASS">
          <reporter-output>
          </reporter-output>
        </test-method> <!-- addScreenshot -->
      </class> <!-- extentReports.ToLearnScreenshot -->
    </test> <!-- Default test -->
  </suite> <!-- Default suite -->
</testng-results>
